<?xml version="1.0" encoding="UTF-8"?>
<testng-results ignored="0" total="3" passed="3" failed="0" skipped="0">
  <reporter-output>
  </reporter-output>
  <suite started-at="2023-09-29T20:00:11 BST" name="tests.EShopOnWebAddToCartAndCheckOut" finished-at="2023-09-29T20:01:24 BST" duration-ms="73085">
    <groups>
    </groups>
    <test started-at="2023-09-29T20:00:11 BST" name="Default XmlTest name ee6cd276-b8d3-454e-8d05-b38b88d3fbc9" finished-at="2023-09-29T20:01:24 BST" duration-ms="73085">
      <class name="tests.EShopOnWebAddToCartAndCheckOut">
        <test-method is-config="true" signature="setUp()[pri:0, instance:tests.EShopOnWebAddToCartAndCheckOut@491666ad]" started-at="2023-09-29T20:00:11 BST" name="setUp" finished-at="2023-09-29T20:00:19 BST" duration-ms="8308" status="PASS">
          <reporter-output>
          </reporter-output>
        </test-method> <!-- setUp -->
        <test-method signature="filterAndCompareProductList()[pri:1, instance:tests.EShopOnWebAddToCartAndCheckOut@491666ad]" started-at="2023-09-29T20:00:19 BST" name="filterAndCompareProductList" finished-at="2023-09-29T20:00:29 BST" duration-ms="9241" status="PASS">
          <reporter-output>
          </reporter-output>
        </test-method> <!-- filterAndCompareProductList -->
        <test-method signature="AddProductsToCart()[pri:2, instance:tests.EShopOnWebAddToCartAndCheckOut@491666ad]" started-at="2023-09-29T20:00:29 BST" name="AddProductsToCart" finished-at="2023-09-29T20:01:01 BST" duration-ms="32641" status="PASS">
          <reporter-output>
          </reporter-output>
        </test-method> <!-- AddProductsToCart -->
        <test-method signature="checkoutProducts()[pri:3, instance:tests.EShopOnWebAddToCartAndCheckOut@491666ad]" started-at="2023-09-29T20:01:01 BST" name="checkoutProducts" finished-at="2023-09-29T20:01:23 BST" duration-ms="22058" status="PASS">
          <reporter-output>
          </reporter-output>
        </test-method> <!-- checkoutProducts -->
        <test-method is-config="true" signature="tearDown()[pri:0, instance:tests.EShopOnWebAddToCartAndCheckOut@491666ad]" started-at="2023-09-29T20:01:23 BST" name="tearDown" finished-at="2023-09-29T20:01:24 BST" duration-ms="739" status="PASS">
          <reporter-output>
          </reporter-output>
        </test-method> <!-- tearDown -->
      </class> <!-- tests.EShopOnWebAddToCartAndCheckOut -->
    </test> <!-- Default XmlTest name ee6cd276-b8d3-454e-8d05-b38b88d3fbc9 -->
  </suite> <!-- tests.EShopOnWebAddToCartAndCheckOut -->
</testng-results>
