<?xml version="1.0" encoding="UTF-8"?>
<testng-results ignored="0" total="0" passed="0" failed="0" skipped="0">
  <reporter-output>
  </reporter-output>
  <suite started-at="2024-10-07T19:31:19 BST" name="org.example.apitests.AuthenticationApiTest" finished-at="2024-10-07T19:31:19 BST" duration-ms="5">
    <groups>
    </groups>
    <test started-at="2024-10-07T19:31:19 BST" name="Command line test" finished-at="2024-10-07T19:31:19 BST" duration-ms="5">
    </test> <!-- Command line test -->
  </suite> <!-- org.example.apitests.AuthenticationApiTest -->
</testng-results>
