<?xml version="1.0" encoding="UTF-8"?>
<!-- Generated by org.testng.reporters.JUnitXMLReporter -->
<testsuite ignored="0" hostname="DESKTOP-FBQBR6D" failures="0" tests="3" name="Default XmlTest name ee6cd276-b8d3-454e-8d05-b38b88d3fbc9" time="73.085" errors="0" timestamp="2023-09-29T20:01:24 BST">
  <testcase classname="tests.EShopOnWebAddToCartAndCheckOut" name="filterAndCompareProductList" time="9.241"/>
  <testcase classname="tests.EShopOnWebAddToCartAndCheckOut" name="AddProductsToCart" time="32.641"/>
  <testcase classname="tests.EShopOnWebAddToCartAndCheckOut" name="checkoutProducts" time="22.058"/>
</testsuite> <!-- Default XmlTest name ee6cd276-b8d3-454e-8d05-b38b88d3fbc9 -->
