<?xml version="1.0" encoding="UTF-8"?>
<testng-results ignored="0" total="6" passed="6" failed="0" skipped="0">
  <reporter-output>
  </reporter-output>
  <suite started-at="2024-10-06T15:28:16 BST" name="Surefire suite" finished-at="2024-10-06T15:30:12 BST" duration-ms="116622">
    <groups>
      <group name="cucumber">
        <method signature="AbstractTestNGCucumberTests.runScenario(io.cucumber.testng.PickleWrapper,io.cucumber.testng.FeatureWrapper)[pri:0, instance:com.eShopOnWeb.runners.TestRunnerUiApi@6e20b53a]" name="runScenario" class="io.cucumber.testng.AbstractTestNGCucumberTests"/>
      </group> <!-- cucumber -->
    </groups>
    <test started-at="2024-10-06T15:28:16 BST" name="Surefire test" finished-at="2024-10-06T15:30:12 BST" duration-ms="116622">
      <class name="com.eShopOnWeb.runners.TestRunnerUiApi">
        <test-method is-config="true" signature="setUpClass(org.testng.ITestContext)[pri:0, instance:com.eShopOnWeb.runners.TestRunnerUiApi@6e20b53a]" started-at="2024-10-06T15:28:16 BST" name="setUpClass" finished-at="2024-10-06T15:28:17 BST" duration-ms="821" status="PASS">
          <params>
            <param index="0">
              <value>
                <![CDATA[org.testng.TestRunner@4504a4ed]]>
              </value>
            </param>
          </params>
          <reporter-output>
          </reporter-output>
        </test-method> <!-- setUpClass -->
        <test-method signature="runScenario(io.cucumber.testng.PickleWrapper,io.cucumber.testng.FeatureWrapper)[pri:0, instance:com.eShopOnWeb.runners.TestRunnerUiApi@6e20b53a]" started-at="2024-10-06T15:28:17 BST" name="runScenario" description="Runs Cucumber Scenarios" data-provider="scenarios" finished-at="2024-10-06T15:28:19 BST" duration-ms="2509" status="PASS">
          <params>
            <param index="0">
              <value>
                <![CDATA["Verify that user should authenticate successfully with valid API credentials"]]>
              </value>
            </param>
            <param index="1">
              <value>
                <![CDATA["Authentication API"]]>
              </value>
            </param>
          </params>
          <reporter-output>
          </reporter-output>
        </test-method> <!-- runScenario -->
        <test-method signature="runScenario(io.cucumber.testng.PickleWrapper,io.cucumber.testng.FeatureWrapper)[pri:0, instance:com.eShopOnWeb.runners.TestRunnerUiApi@6e20b53a]" started-at="2024-10-06T15:28:19 BST" name="runScenario" description="Runs Cucumber Scenarios" data-provider="scenarios" finished-at="2024-10-06T15:28:19 BST" duration-ms="46" status="PASS">
          <params>
            <param index="0">
              <value>
                <![CDATA["Verify that user authentication fails with invalid API credentials"]]>
              </value>
            </param>
            <param index="1">
              <value>
                <![CDATA["Authentication API"]]>
              </value>
            </param>
          </params>
          <reporter-output>
          </reporter-output>
        </test-method> <!-- runScenario -->
        <test-method signature="runScenario(io.cucumber.testng.PickleWrapper,io.cucumber.testng.FeatureWrapper)[pri:0, instance:com.eShopOnWeb.runners.TestRunnerUiApi@6e20b53a]" started-at="2024-10-06T15:28:19 BST" name="runScenario" description="Runs Cucumber Scenarios" data-provider="scenarios" finished-at="2024-10-06T15:28:20 BST" duration-ms="370" status="PASS">
          <params>
            <param index="0">
              <value>
                <![CDATA["Verify catalog brands are retrieved successfully"]]>
              </value>
            </param>
            <param index="1">
              <value>
                <![CDATA["CatalogBrand api"]]>
              </value>
            </param>
          </params>
          <reporter-output>
          </reporter-output>
        </test-method> <!-- runScenario -->
        <test-method signature="runScenario(io.cucumber.testng.PickleWrapper,io.cucumber.testng.FeatureWrapper)[pri:0, instance:com.eShopOnWeb.runners.TestRunnerUiApi@6e20b53a]" started-at="2024-10-06T15:28:20 BST" name="runScenario" description="Runs Cucumber Scenarios" data-provider="scenarios" finished-at="2024-10-06T15:29:48 BST" duration-ms="88163" status="PASS">
          <params>
            <param index="0">
              <value>
                <![CDATA["Verify That User Place Order Successfully"]]>
              </value>
            </param>
            <param index="1">
              <value>
                <![CDATA["User add product to basket and place order"]]>
              </value>
            </param>
          </params>
          <reporter-output>
          </reporter-output>
        </test-method> <!-- runScenario -->
        <test-method signature="runScenario(io.cucumber.testng.PickleWrapper,io.cucumber.testng.FeatureWrapper)[pri:0, instance:com.eShopOnWeb.runners.TestRunnerUiApi@6e20b53a]" started-at="2024-10-06T15:29:48 BST" name="runScenario" description="Runs Cucumber Scenarios" data-provider="scenarios" finished-at="2024-10-06T15:30:10 BST" duration-ms="22343" status="PASS">
          <params>
            <param index="0">
              <value>
                <![CDATA["verify that user should login successfully with valid credentials"]]>
              </value>
            </param>
            <param index="1">
              <value>
                <![CDATA["Login feature"]]>
              </value>
            </param>
          </params>
          <reporter-output>
          </reporter-output>
        </test-method> <!-- runScenario -->
        <test-method signature="runScenario(io.cucumber.testng.PickleWrapper,io.cucumber.testng.FeatureWrapper)[pri:0, instance:com.eShopOnWeb.runners.TestRunnerUiApi@6e20b53a]" started-at="2024-10-06T15:30:10 BST" name="runScenario" description="Runs Cucumber Scenarios" data-provider="scenarios" finished-at="2024-10-06T15:30:12 BST" duration-ms="1987" status="PASS">
          <params>
            <param index="0">
              <value>
                <![CDATA["Verify the error message with invalid credentials"]]>
              </value>
            </param>
            <param index="1">
              <value>
                <![CDATA["Login feature"]]>
              </value>
            </param>
          </params>
          <reporter-output>
          </reporter-output>
        </test-method> <!-- runScenario -->
        <test-method is-config="true" signature="tearDownClass()[pri:0, instance:com.eShopOnWeb.runners.TestRunnerUiApi@6e20b53a]" started-at="2024-10-06T15:30:12 BST" name="tearDownClass" finished-at="2024-10-06T15:30:12 BST" duration-ms="350" status="PASS">
          <reporter-output>
          </reporter-output>
        </test-method> <!-- tearDownClass -->
      </class> <!-- com.eShopOnWeb.runners.TestRunnerUiApi -->
    </test> <!-- Surefire test -->
  </suite> <!-- Surefire suite -->
</testng-results>
